Version: [32m1.11.10-rbsec-7-g3fe5d00-static[0m
OpenSSL 1.0.2-chacha (1.0.2g-dev)
[0m
Testing SSL server [32mlocalhost[0m on port [32m8080[0m using SNI name [32mlocalhost[0m

  [1;34mTLS Fallback SCSV:[0m
Server [32msupports[0m TLS Fallback SCSV

  [1;34mTLS renegotiation:[0m
[32mSecure[0m session renegotiation supported

  [1;34mTLS Compression:[0m
Compression [32mdisabled[0m

  [1;34mHeartbleed:[0m
TLS 1.2 [32mnot vulnerable[0m to heartbleed
TLS 1.1 [32mnot vulnerable[0m to heartbleed
TLS 1.0 [32mnot vulnerable[0m to heartbleed

  [1;34mSupported Server Cipher(s):[0m
[32mPreferred[0m TLSv1.2  [32m256[0m bits  [32mECDHE-RSA-AES256-GCM-SHA384  [0m Curve P-256 DHE 256
Accepted  TLSv1.2  [32m256[0m bits  ECDHE-RSA-AES256-SHA          Curve P-256 DHE 256
Accepted  TLSv1.2  [32m256[0m bits  AES256-GCM-SHA384            
Accepted  TLSv1.2  [32m256[0m bits  AES256-SHA                   
Accepted  TLSv1.2  [32m128[0m bits  [32mECDHE-RSA-AES128-GCM-SHA256  [0m Curve P-256 DHE 256
Accepted  TLSv1.2  [32m128[0m bits  ECDHE-RSA-AES128-SHA          Curve P-256 DHE 256
Accepted  TLSv1.2  [32m128[0m bits  AES128-GCM-SHA256            
Accepted  TLSv1.2  [32m128[0m bits  AES128-SHA                   
Accepted  TLSv1.2  [32m112[0m bits  [33mECDHE-RSA-DES-CBC3-SHA       [0m Curve P-256 DHE 256
Accepted  TLSv1.2  [32m112[0m bits  [33mDES-CBC3-SHA                 [0m
[32mPreferred[0m TLSv1.1  [32m256[0m bits  ECDHE-RSA-AES256-SHA          Curve P-256 DHE 256
Accepted  TLSv1.1  [32m256[0m bits  AES256-SHA                   
Accepted  TLSv1.1  [32m128[0m bits  ECDHE-RSA-AES128-SHA          Curve P-256 DHE 256
Accepted  TLSv1.1  [32m128[0m bits  AES128-SHA                   
Accepted  TLSv1.1  [32m112[0m bits  [33mECDHE-RSA-DES-CBC3-SHA       [0m Curve P-256 DHE 256
Accepted  TLSv1.1  [32m112[0m bits  [33mDES-CBC3-SHA                 [0m
[32mPreferred[0m [33mTLSv1.0[0m  [32m256[0m bits  ECDHE-RSA-AES256-SHA          Curve P-256 DHE 256
Accepted  [33mTLSv1.0[0m  [32m256[0m bits  AES256-SHA                   
Accepted  [33mTLSv1.0[0m  [32m128[0m bits  ECDHE-RSA-AES128-SHA          Curve P-256 DHE 256
Accepted  [33mTLSv1.0[0m  [32m128[0m bits  AES128-SHA                   
Accepted  [33mTLSv1.0[0m  [32m112[0m bits  [33mECDHE-RSA-DES-CBC3-SHA       [0m Curve P-256 DHE 256
Accepted  [33mTLSv1.0[0m  [32m112[0m bits  [33mDES-CBC3-SHA                 [0m
[32mPreferred[0m [31mSSLv3[0m    [32m256[0m bits  [31mAES256-SHA                   [0m
Accepted  [31mSSLv3[0m    [32m128[0m bits  [31mAES128-SHA                   [0m
Accepted  [31mSSLv3[0m    [32m112[0m bits  [31mDES-CBC3-SHA                 [0m

  [1;34mSSL Certificate:[0m
Signature Algorithm: [32msha256WithRSAEncryption[0m
RSA Key Strength:    [32m4096[0m

Subject:  EMPIJEI
Issuer:   [31mEMPIJEI[0m

Not valid before: [32mJul  8 17:56:29 2017 GMT[0m
Not valid after:  [32mJul  8 17:56:29 2018 GMT[0m
sslscan --no-failed localhost:8080  0.02s user 0.01s system 5% cpu 0.551 total
